<?xml version="1.0" encoding="UTF-8"?><testsuite errors="0" failures="1" name="To create an user in the application SIMON and verified its creation" skipped="0" tests="1" time="24.25" timestamp="2021-01-10 11:38:58"><testcase name="create user in the system SIMON"><failure message="Expected enabled element was not enabled" type="net.thucydides.core.webdriver.exceptions.ElementShouldBeEnabledException">Expected enabled element was not enabled</failure><system-err>Expected enabled element was not enabled&#13;
tasks.Register.performAs(Register.java:40)&#13;
stepdefinitions.simonPageStepDefinition.heFillsTheFormInAnd(simonPageStepDefinition.java:34)&#13;
cucumber.runner.Runner.runPickle(Runner.java:80)&#13;
</system-err></testcase></testsuite>